<testsuites>
    <testsuite name="Example">
        <testcase name="Test 1"/>
    </testsuite>
</testsuites>
